2026-06-16 17:02:04,821 INFO o.a.j.u.JMeterUtils: Setting Locale to en_EN
2026-06-16 17:02:04,838 INFO o.a.j.JMeter: Loading user properties from: /opt/homebrew/Cellar/jmeter/5.6.3/libexec/bin/user.properties
2026-06-16 17:02:04,838 INFO o.a.j.JMeter: Loading system properties from: /opt/homebrew/Cellar/jmeter/5.6.3/libexec/bin/system.properties
2026-06-16 17:02:04,841 INFO o.a.j.JMeter: Copyright (c) 1998-2024 The Apache Software Foundation
2026-06-16 17:02:04,841 INFO o.a.j.JMeter: Version 5.6.3
2026-06-16 17:02:04,842 INFO o.a.j.JMeter: java.version=21.0.11
2026-06-16 17:02:04,842 INFO o.a.j.JMeter: java.vm.name=OpenJDK 64-Bit Server VM
2026-06-16 17:02:04,842 INFO o.a.j.JMeter: os.name=Mac OS X
2026-06-16 17:02:04,842 INFO o.a.j.JMeter: os.arch=aarch64
2026-06-16 17:02:04,842 INFO o.a.j.JMeter: os.version=26.3.1
2026-06-16 17:02:04,842 INFO o.a.j.JMeter: file.encoding=UTF-8
2026-06-16 17:02:04,842 INFO o.a.j.JMeter: java.awt.headless=null
2026-06-16 17:02:04,842 INFO o.a.j.JMeter: Max memory     =1073741824
2026-06-16 17:02:04,842 INFO o.a.j.JMeter: Available Processors =8
2026-06-16 17:02:04,849 INFO o.a.j.JMeter: Default Locale=English (EN)
2026-06-16 17:02:04,849 INFO o.a.j.JMeter: JMeter  Locale=English (EN)
2026-06-16 17:02:04,849 INFO o.a.j.JMeter: JMeterHome=/opt/homebrew/Cellar/jmeter/5.6.3/libexec
2026-06-16 17:02:04,849 INFO o.a.j.JMeter: user.dir  =/Users/atharva/Desktop/Coding/Final_proj copy
2026-06-16 17:02:04,849 INFO o.a.j.JMeter: PWD       =/Users/atharva/Desktop/Coding/Final_proj copy
2026-06-16 17:02:04,853 INFO o.a.j.JMeter: IP: 127.0.0.1 Name: Atharvas-MacBook-Air-4.local FullName: localhost
2026-06-16 17:02:04,863 INFO o.a.j.JMeter: Loaded icon properties from org/apache/jmeter/images/icon.properties
2026-06-16 17:02:06,011 INFO o.a.j.JMeterGuiLauncher: Setting LAF to: com.github.weisj.darklaf.DarkLaf:com.github.weisj.darklaf.theme.DarculaTheme
2026-06-16 17:02:07,750 INFO o.a.j.r.ClassFinder: Will scan jar /opt/homebrew/Cellar/jmeter/5.6.3/libexec/lib/ext/jmeter-plugins-manager-1.9.jar with filter ExtendsClassFilter [parents=[interface org.apache.jmeter.gui.action.Command], inner=false, contains=null, notContains=null]. Consider exposing JMeter plugins via META-INF/services, and add JMeter-Skip-Class-Scanning=true manifest attribute so JMeter can skip classfile scanning
2026-06-16 17:02:07,892 INFO o.a.j.r.ClassFinder: Will scan jar /opt/homebrew/Cellar/jmeter/5.6.3/libexec/lib/ext/jmeter-plugins-manager-1.9.jar with filter ExtendsClassFilter [parents=[interface org.apache.jmeter.gui.plugin.MenuCreator], inner=false, contains=null, notContains=null]. Consider exposing JMeter plugins via META-INF/services, and add JMeter-Skip-Class-Scanning=true manifest attribute so JMeter can skip classfile scanning
2026-06-16 17:02:07,956 INFO o.j.r.JARSourceHTTP: Requesting https://jmeter-plugins.org/repo/?installID=mac_os_x-19136c2390beb7cd4569f24e1e7538cf-gui
2026-06-16 17:02:10,190 INFO o.j.r.PluginManager: Plugins Status: [jpgc-plugins-manager=1.9, jmeter-core=5.6.3, jmeter-ftp=5.6.3, jmeter-http=5.6.3, jmeter-jdbc=5.6.3, jmeter-jms=5.6.3, jmeter-junit=5.6.3, jmeter-java=5.6.3, jmeter-ldap=5.6.3, jmeter-mail=5.6.3, jmeter-mongodb=5.6.3, jmeter-native=5.6.3, jmeter-tcp=5.6.3, jmeter-components=5.6.3]
2026-06-16 17:02:10,192 INFO o.j.r.PluginManagerMenuItem: Plugins Manager has upgrades: [jpgc-plugins-manager]
2026-06-16 17:02:17,324 INFO o.a.j.s.FileServer: Default base='/Users/atharva/Desktop/Coding/Final_proj copy'
2026-06-16 17:02:17,327 INFO o.a.j.g.a.Load: Loading file: /Users/atharva/Desktop/Coding/Final_proj copy/test/jmeter/api-tests.jmx
2026-06-16 17:02:17,327 INFO o.a.j.s.FileServer: Set new base='/Users/atharva/Desktop/Coding/Final_proj copy/test/jmeter'
2026-06-16 17:02:17,467 INFO o.a.j.s.SaveService: Testplan (JMX) version: 2.2. Testlog (JTL) version: 2.2
2026-06-16 17:02:17,475 INFO o.a.j.s.SaveService: Using SaveService properties version 5.0
2026-06-16 17:02:17,475 INFO o.a.j.s.SaveService: Using SaveService properties file encoding UTF-8
2026-06-16 17:02:17,476 INFO o.a.j.s.SaveService: Loading file: /Users/atharva/Desktop/Coding/Final_proj copy/test/jmeter/api-tests.jmx
2026-06-16 17:02:17,527 INFO o.a.j.p.h.s.HTTPSamplerBase: Parser for text/html is org.apache.jmeter.protocol.http.parser.LagartoBasedHtmlParser
2026-06-16 17:02:17,527 INFO o.a.j.p.h.s.HTTPSamplerBase: Parser for application/xhtml+xml is org.apache.jmeter.protocol.http.parser.LagartoBasedHtmlParser
2026-06-16 17:02:17,527 INFO o.a.j.p.h.s.HTTPSamplerBase: Parser for application/xml is org.apache.jmeter.protocol.http.parser.LagartoBasedHtmlParser
2026-06-16 17:02:17,527 INFO o.a.j.p.h.s.HTTPSamplerBase: Parser for text/xml is org.apache.jmeter.protocol.http.parser.LagartoBasedHtmlParser
2026-06-16 17:02:17,527 INFO o.a.j.p.h.s.HTTPSamplerBase: Parser for text/vnd.wap.wml is org.apache.jmeter.protocol.http.parser.RegexpHTMLParser
2026-06-16 17:02:17,527 INFO o.a.j.p.h.s.HTTPSamplerBase: Parser for text/css is org.apache.jmeter.protocol.http.parser.CssParser
2026-06-16 17:02:17,618 WARN o.a.j.g.a.Load: Unexpected error. java.util.NoSuchElementException: Property HTTPsampler.Arguments is unset for element org.apache.jmeter.config.ConfigTestElement@b39e04ee
java.util.NoSuchElementException: Property HTTPsampler.Arguments is unset for element org.apache.jmeter.config.ConfigTestElement@b39e04ee
	at org.apache.jmeter.testelement.TestElement.get(TestElement.kt:452) ~[ApacheJMeter_core.jar:5.6.3]
	at org.apache.jmeter.protocol.http.config.gui.UrlConfigGui.configure(UrlConfigGui.java:285) ~[ApacheJMeter_http.jar:5.6.3]
	at org.apache.jmeter.protocol.http.config.gui.HttpDefaultsGui.configure(HttpDefaultsGui.java:166) ~[ApacheJMeter_http.jar:5.6.3]
	at org.apache.jmeter.gui.tree.JMeterTreeModel.addComponent(JMeterTreeModel.java:162) ~[ApacheJMeter_core.jar:5.6.3]
	at org.apache.jmeter.gui.tree.JMeterTreeModel.addSubTree(JMeterTreeModel.java:131) ~[ApacheJMeter_core.jar:5.6.3]
	at org.apache.jmeter.gui.tree.JMeterTreeModel.addSubTree(JMeterTreeModel.java:131) ~[ApacheJMeter_core.jar:5.6.3]
	at org.apache.jmeter.gui.tree.JMeterTreeModel.addSubTree(JMeterTreeModel.java:123) ~[ApacheJMeter_core.jar:5.6.3]
	at org.apache.jmeter.gui.GuiPackage.addSubTree(GuiPackage.java:555) ~[ApacheJMeter_core.jar:5.6.3]
	at org.apache.jmeter.gui.action.Load.insertLoadedTree(Load.java:201) ~[ApacheJMeter_core.jar:5.6.3]
	at org.apache.jmeter.gui.action.Load.loadProjectFile(Load.java:132) ~[ApacheJMeter_core.jar:5.6.3]
	at org.apache.jmeter.gui.action.Load.loadProjectFile(Load.java:103) ~[ApacheJMeter_core.jar:5.6.3]
	at org.apache.jmeter.gui.action.Load.doActionAfterCheck(Load.java:90) ~[ApacheJMeter_core.jar:5.6.3]
	at org.apache.jmeter.gui.action.AbstractActionWithNoRunningTest.doAction(AbstractActionWithNoRunningTest.java:44) ~[ApacheJMeter_core.jar:5.6.3]
	at org.apache.jmeter.gui.action.ActionRouter.performAction(ActionRouter.java:83) ~[ApacheJMeter_core.jar:5.6.3]
	at org.apache.jmeter.gui.action.ActionRouter.lambda$actionPerformed$0(ActionRouter.java:65) ~[ApacheJMeter_core.jar:5.6.3]
	at java.desktop/java.awt.event.InvocationEvent.dispatch(InvocationEvent.java:318) ~[?:?]
	at java.desktop/java.awt.EventQueue.dispatchEventImpl(EventQueue.java:773) ~[?:?]
	at java.desktop/java.awt.EventQueue$4.run(EventQueue.java:720) ~[?:?]
	at java.desktop/java.awt.EventQueue$4.run(EventQueue.java:714) ~[?:?]
	at java.base/java.security.AccessController.doPrivileged(AccessController.java:400) [?:?]
	at java.base/java.security.ProtectionDomain$JavaSecurityAccessImpl.doIntersectionPrivilege(ProtectionDomain.java:87) [?:?]
	at java.desktop/java.awt.EventQueue.dispatchEvent(EventQueue.java:742) [?:?]
	at java.desktop/java.awt.EventDispatchThread.pumpOneEventForFilters(EventDispatchThread.java:203) [?:?]
	at java.desktop/java.awt.EventDispatchThread.pumpEventsForFilter(EventDispatchThread.java:124) [?:?]
	at java.desktop/java.awt.EventDispatchThread.pumpEventsForHierarchy(EventDispatchThread.java:113) [?:?]
	at java.desktop/java.awt.EventDispatchThread.pumpEvents(EventDispatchThread.java:109) [?:?]
	at java.desktop/java.awt.EventDispatchThread.pumpEvents(EventDispatchThread.java:101) [?:?]
	at java.desktop/java.awt.EventDispatchThread.run(EventDispatchThread.java:90) [?:?]
2026-06-16 17:02:17,624 ERROR o.a.j.u.JMeterUtils: Property HTTPsampler.Arguments is unset for element org.apache.jmeter.config.ConfigTestElement@b39e04ee
2026-06-16 17:03:09,647 INFO o.a.j.g.a.Load: Loading file: /Users/atharva/Desktop/Coding/Final_proj copy/test/jmeter/api-tests.jmx
2026-06-16 17:03:09,648 INFO o.a.j.s.FileServer: Set new base='/Users/atharva/Desktop/Coding/Final_proj copy/test/jmeter'
2026-06-16 17:03:09,648 INFO o.a.j.s.SaveService: Loading file: /Users/atharva/Desktop/Coding/Final_proj copy/test/jmeter/api-tests.jmx
2026-06-16 17:03:09,770 INFO o.a.j.s.FileServer: Set new base='/Users/atharva/Desktop/Coding/Final_proj copy/test/jmeter'
2026-06-16 17:04:01,225 INFO o.a.j.e.StandardJMeterEngine: Running the test!
2026-06-16 17:04:01,227 INFO o.a.j.s.SampleEvent: List of sample_variables: []
2026-06-16 17:04:01,227 INFO o.a.j.s.SampleEvent: List of sample_variables: []
2026-06-16 17:04:01,228 INFO o.a.j.e.u.CompoundVariable: Note: Function class names must contain the string: '.functions.'
2026-06-16 17:04:01,228 INFO o.a.j.e.u.CompoundVariable: Note: Function class names must not contain the string: '.gui.'
2026-06-16 17:04:01,269 INFO o.a.j.r.ClassFinder: Will scan jar /opt/homebrew/Cellar/jmeter/5.6.3/libexec/lib/ext/jmeter-plugins-manager-1.9.jar with filter ExtendsClassFilter [parents=[interface org.apache.jmeter.functions.Function], inner=false, contains=null, notContains=null]. Consider exposing JMeter plugins via META-INF/services, and add JMeter-Skip-Class-Scanning=true manifest attribute so JMeter can skip classfile scanning
2026-06-16 17:04:01,274 INFO o.a.j.g.u.JMeterMenuBar: setRunning(true, *local*)
2026-06-16 17:04:01,319 INFO o.a.j.e.StandardJMeterEngine: Starting ThreadGroup: 1 : API Smoke Thread Group
2026-06-16 17:04:01,320 INFO o.a.j.e.StandardJMeterEngine: Starting 1 threads for group API Smoke Thread Group.
2026-06-16 17:04:01,320 INFO o.a.j.e.StandardJMeterEngine: Thread will continue on error
2026-06-16 17:04:01,321 INFO o.a.j.t.ThreadGroup: Starting thread group... number=1 threads=1 ramp-up=1 delayedStart=false
2026-06-16 17:04:01,324 INFO o.a.j.t.ThreadGroup: Started thread group number 1
2026-06-16 17:04:01,325 INFO o.a.j.e.StandardJMeterEngine: All thread groups have been started
2026-06-16 17:04:01,325 INFO o.a.j.t.JMeterThread: Thread started: API Smoke Thread Group 1-1
2026-06-16 17:04:01,345 INFO o.a.j.p.h.s.HTTPHCAbstractImpl: Local host = Atharvas-MacBook-Air-4.local
2026-06-16 17:04:01,351 INFO o.a.j.p.h.s.HTTPHC4Impl: HTTP request retry count = 0
2026-06-16 17:04:01,352 INFO o.a.j.s.SampleResult: Note: Sample TimeStamps are START times
2026-06-16 17:04:01,352 INFO o.a.j.s.SampleResult: sampleresult.default.encoding is set to UTF-8
2026-06-16 17:04:01,352 INFO o.a.j.s.SampleResult: sampleresult.useNanoTime=true
2026-06-16 17:04:01,352 INFO o.a.j.s.SampleResult: sampleresult.nanoThreadSleep=5000
2026-06-16 17:04:01,407 INFO o.a.j.t.JMeterThread: Thread is done: API Smoke Thread Group 1-1
2026-06-16 17:04:01,407 INFO o.a.j.t.JMeterThread: Thread finished: API Smoke Thread Group 1-1
2026-06-16 17:04:01,407 INFO o.a.j.e.StandardJMeterEngine: Notifying test listeners of end of test
2026-06-16 17:04:01,407 INFO o.a.j.g.u.JMeterMenuBar: setRunning(false, *local*)
2026-06-16 17:04:04,440 INFO o.a.j.e.StandardJMeterEngine: Running the test!
2026-06-16 17:04:04,440 INFO o.a.j.s.SampleEvent: List of sample_variables: []
2026-06-16 17:04:04,441 INFO o.a.j.g.u.JMeterMenuBar: setRunning(true, *local*)
2026-06-16 17:04:04,469 INFO o.a.j.e.StandardJMeterEngine: Starting ThreadGroup: 1 : API Smoke Thread Group
2026-06-16 17:04:04,469 INFO o.a.j.e.StandardJMeterEngine: Starting 1 threads for group API Smoke Thread Group.
2026-06-16 17:04:04,469 INFO o.a.j.e.StandardJMeterEngine: Thread will continue on error
2026-06-16 17:04:04,470 INFO o.a.j.t.ThreadGroup: Starting thread group... number=1 threads=1 ramp-up=1 delayedStart=false
2026-06-16 17:04:04,470 INFO o.a.j.t.ThreadGroup: Started thread group number 1
2026-06-16 17:04:04,470 INFO o.a.j.e.StandardJMeterEngine: All thread groups have been started
2026-06-16 17:04:04,470 INFO o.a.j.t.JMeterThread: Thread started: API Smoke Thread Group 1-1
2026-06-16 17:04:04,477 INFO o.a.j.t.JMeterThread: Thread is done: API Smoke Thread Group 1-1
2026-06-16 17:04:04,477 INFO o.a.j.t.JMeterThread: Thread finished: API Smoke Thread Group 1-1
2026-06-16 17:04:04,477 INFO o.a.j.e.StandardJMeterEngine: Notifying test listeners of end of test
2026-06-16 17:04:04,477 INFO o.a.j.g.u.JMeterMenuBar: setRunning(false, *local*)
2026-06-16 17:04:13,788 INFO o.a.j.r.ClassFinder: Will scan jar /opt/homebrew/Cellar/jmeter/5.6.3/libexec/lib/ext/jmeter-plugins-manager-1.9.jar with filter ExtendsClassFilter [parents=[interface org.apache.jmeter.visualizers.ResultRenderer], inner=false, contains=null, notContains=null]. Consider exposing JMeter plugins via META-INF/services, and add JMeter-Skip-Class-Scanning=true manifest attribute so JMeter can skip classfile scanning
2026-06-16 17:04:13,801 INFO o.a.j.r.ClassFinder: Will scan jar /opt/homebrew/Cellar/jmeter/5.6.3/libexec/lib/ext/jmeter-plugins-manager-1.9.jar with filter ExtendsClassFilter [parents=[interface org.apache.jmeter.visualizers.RequestView], inner=false, contains=null, notContains=null]. Consider exposing JMeter plugins via META-INF/services, and add JMeter-Skip-Class-Scanning=true manifest attribute so JMeter can skip classfile scanning
2026-06-16 17:04:17,727 INFO o.a.j.e.StandardJMeterEngine: Running the test!
2026-06-16 17:04:17,728 INFO o.a.j.s.SampleEvent: List of sample_variables: []
2026-06-16 17:04:17,730 INFO o.a.j.g.u.JMeterMenuBar: setRunning(true, *local*)
2026-06-16 17:04:17,772 INFO o.a.j.e.StandardJMeterEngine: Starting ThreadGroup: 1 : API Smoke Thread Group
2026-06-16 17:04:17,772 INFO o.a.j.e.StandardJMeterEngine: Starting 1 threads for group API Smoke Thread Group.
2026-06-16 17:04:17,772 INFO o.a.j.e.StandardJMeterEngine: Thread will continue on error
2026-06-16 17:04:17,772 INFO o.a.j.t.ThreadGroup: Starting thread group... number=1 threads=1 ramp-up=1 delayedStart=false
2026-06-16 17:04:17,773 INFO o.a.j.t.ThreadGroup: Started thread group number 1
2026-06-16 17:04:17,773 INFO o.a.j.e.StandardJMeterEngine: All thread groups have been started
2026-06-16 17:04:17,773 INFO o.a.j.t.JMeterThread: Thread started: API Smoke Thread Group 1-1
2026-06-16 17:04:17,781 INFO o.a.j.t.JMeterThread: Thread is done: API Smoke Thread Group 1-1
2026-06-16 17:04:17,781 INFO o.a.j.t.JMeterThread: Thread finished: API Smoke Thread Group 1-1
2026-06-16 17:04:17,781 INFO o.a.j.e.StandardJMeterEngine: Notifying test listeners of end of test
2026-06-16 17:04:17,781 INFO o.a.j.g.u.JMeterMenuBar: setRunning(false, *local*)
2026-06-16 17:05:10,816 INFO o.a.j.e.StandardJMeterEngine: Running the test!
2026-06-16 17:05:10,820 INFO o.a.j.s.SampleEvent: List of sample_variables: []
2026-06-16 17:05:10,823 INFO o.a.j.g.u.JMeterMenuBar: setRunning(true, *local*)
2026-06-16 17:05:10,885 INFO o.a.j.e.StandardJMeterEngine: Starting ThreadGroup: 1 : API Smoke Thread Group
2026-06-16 17:05:10,886 INFO o.a.j.e.StandardJMeterEngine: Starting 1 threads for group API Smoke Thread Group.
2026-06-16 17:05:10,886 INFO o.a.j.e.StandardJMeterEngine: Thread will continue on error
2026-06-16 17:05:10,887 INFO o.a.j.t.ThreadGroup: Starting thread group... number=1 threads=1 ramp-up=1 delayedStart=false
2026-06-16 17:05:10,887 INFO o.a.j.t.ThreadGroup: Started thread group number 1
2026-06-16 17:05:10,888 INFO o.a.j.e.StandardJMeterEngine: All thread groups have been started
2026-06-16 17:05:10,888 INFO o.a.j.t.JMeterThread: Thread started: API Smoke Thread Group 1-1
2026-06-16 17:05:10,909 INFO o.a.j.t.JMeterThread: Thread is done: API Smoke Thread Group 1-1
2026-06-16 17:05:10,909 INFO o.a.j.t.JMeterThread: Thread finished: API Smoke Thread Group 1-1
2026-06-16 17:05:10,910 INFO o.a.j.e.StandardJMeterEngine: Notifying test listeners of end of test
2026-06-16 17:05:10,911 INFO o.a.j.g.u.JMeterMenuBar: setRunning(false, *local*)
2026-06-16 17:06:12,897 INFO o.a.j.e.StandardJMeterEngine: Running the test!
2026-06-16 17:06:12,898 INFO o.a.j.s.SampleEvent: List of sample_variables: []
2026-06-16 17:06:12,899 INFO o.a.j.g.u.JMeterMenuBar: setRunning(true, *local*)
2026-06-16 17:06:12,946 INFO o.a.j.e.StandardJMeterEngine: Starting ThreadGroup: 1 : API Smoke Thread Group
2026-06-16 17:06:12,947 INFO o.a.j.e.StandardJMeterEngine: Starting 1 threads for group API Smoke Thread Group.
2026-06-16 17:06:12,947 INFO o.a.j.e.StandardJMeterEngine: Thread will continue on error
2026-06-16 17:06:12,947 INFO o.a.j.t.ThreadGroup: Starting thread group... number=1 threads=1 ramp-up=1 delayedStart=false
2026-06-16 17:06:12,947 INFO o.a.j.t.ThreadGroup: Started thread group number 1
2026-06-16 17:06:12,947 INFO o.a.j.e.StandardJMeterEngine: All thread groups have been started
2026-06-16 17:06:12,948 INFO o.a.j.t.JMeterThread: Thread started: API Smoke Thread Group 1-1
2026-06-16 17:06:12,957 INFO o.a.j.t.JMeterThread: Thread is done: API Smoke Thread Group 1-1
2026-06-16 17:06:12,957 INFO o.a.j.t.JMeterThread: Thread finished: API Smoke Thread Group 1-1
2026-06-16 17:06:12,957 INFO o.a.j.e.StandardJMeterEngine: Notifying test listeners of end of test
2026-06-16 17:06:12,957 INFO o.a.j.g.u.JMeterMenuBar: setRunning(false, *local*)
2026-06-16 17:06:59,204 INFO o.a.j.e.StandardJMeterEngine: Running the test!
2026-06-16 17:06:59,207 INFO o.a.j.s.SampleEvent: List of sample_variables: []
2026-06-16 17:06:59,208 INFO o.a.j.g.u.JMeterMenuBar: setRunning(true, *local*)
2026-06-16 17:06:59,264 INFO o.a.j.e.StandardJMeterEngine: Starting ThreadGroup: 1 : API Smoke Thread Group
2026-06-16 17:06:59,264 INFO o.a.j.e.StandardJMeterEngine: Starting 1 threads for group API Smoke Thread Group.
2026-06-16 17:06:59,264 INFO o.a.j.e.StandardJMeterEngine: Thread will continue on error
2026-06-16 17:06:59,265 INFO o.a.j.t.ThreadGroup: Starting thread group... number=1 threads=1 ramp-up=1 delayedStart=false
2026-06-16 17:06:59,268 INFO o.a.j.t.ThreadGroup: Started thread group number 1
2026-06-16 17:06:59,268 INFO o.a.j.e.StandardJMeterEngine: All thread groups have been started
2026-06-16 17:06:59,268 INFO o.a.j.t.JMeterThread: Thread started: API Smoke Thread Group 1-1
2026-06-16 17:06:59,545 INFO o.a.j.t.JMeterThread: Thread is done: API Smoke Thread Group 1-1
2026-06-16 17:06:59,546 INFO o.a.j.t.JMeterThread: Thread finished: API Smoke Thread Group 1-1
2026-06-16 17:06:59,546 INFO o.a.j.e.StandardJMeterEngine: Notifying test listeners of end of test
2026-06-16 17:06:59,546 INFO o.a.j.g.u.JMeterMenuBar: setRunning(false, *local*)
2026-06-16 17:07:20,564 INFO o.a.j.r.ClassFinder: Will scan jar /opt/homebrew/Cellar/jmeter/5.6.3/libexec/lib/ext/jmeter-plugins-manager-1.9.jar with filter ExtendsClassFilter [parents=[interface org.apache.jmeter.visualizers.ResultRenderer], inner=false, contains=null, notContains=null]. Consider exposing JMeter plugins via META-INF/services, and add JMeter-Skip-Class-Scanning=true manifest attribute so JMeter can skip classfile scanning
2026-06-16 17:07:20,591 INFO o.a.j.r.ClassFinder: Will scan jar /opt/homebrew/Cellar/jmeter/5.6.3/libexec/lib/ext/jmeter-plugins-manager-1.9.jar with filter ExtendsClassFilter [parents=[interface org.apache.jmeter.visualizers.RequestView], inner=false, contains=null, notContains=null]. Consider exposing JMeter plugins via META-INF/services, and add JMeter-Skip-Class-Scanning=true manifest attribute so JMeter can skip classfile scanning
2026-06-16 17:07:22,213 INFO o.a.j.e.StandardJMeterEngine: Running the test!
2026-06-16 17:07:22,214 INFO o.a.j.s.SampleEvent: List of sample_variables: []
2026-06-16 17:07:22,215 INFO o.a.j.g.u.JMeterMenuBar: setRunning(true, *local*)
2026-06-16 17:07:22,254 INFO o.a.j.e.StandardJMeterEngine: Starting ThreadGroup: 1 : API Smoke Thread Group
2026-06-16 17:07:22,254 INFO o.a.j.e.StandardJMeterEngine: Starting 1 threads for group API Smoke Thread Group.
2026-06-16 17:07:22,254 INFO o.a.j.e.StandardJMeterEngine: Thread will continue on error
2026-06-16 17:07:22,254 INFO o.a.j.t.ThreadGroup: Starting thread group... number=1 threads=1 ramp-up=1 delayedStart=false
2026-06-16 17:07:22,254 INFO o.a.j.t.ThreadGroup: Started thread group number 1
2026-06-16 17:07:22,255 INFO o.a.j.e.StandardJMeterEngine: All thread groups have been started
2026-06-16 17:07:22,255 INFO o.a.j.t.JMeterThread: Thread started: API Smoke Thread Group 1-1
2026-06-16 17:07:22,374 INFO o.a.j.t.JMeterThread: Thread is done: API Smoke Thread Group 1-1
2026-06-16 17:07:22,374 INFO o.a.j.t.JMeterThread: Thread finished: API Smoke Thread Group 1-1
2026-06-16 17:07:22,374 INFO o.a.j.e.StandardJMeterEngine: Notifying test listeners of end of test
2026-06-16 17:07:22,375 INFO o.a.j.g.u.JMeterMenuBar: setRunning(false, *local*)
2026-06-16 17:07:35,089 INFO o.a.j.r.ClassFinder: Will scan jar /opt/homebrew/Cellar/jmeter/5.6.3/libexec/lib/ext/jmeter-plugins-manager-1.9.jar with filter ExtendsClassFilter [parents=[interface org.apache.jmeter.visualizers.ResultRenderer], inner=false, contains=null, notContains=null]. Consider exposing JMeter plugins via META-INF/services, and add JMeter-Skip-Class-Scanning=true manifest attribute so JMeter can skip classfile scanning
2026-06-16 17:07:35,108 INFO o.a.j.r.ClassFinder: Will scan jar /opt/homebrew/Cellar/jmeter/5.6.3/libexec/lib/ext/jmeter-plugins-manager-1.9.jar with filter ExtendsClassFilter [parents=[interface org.apache.jmeter.visualizers.RequestView], inner=false, contains=null, notContains=null]. Consider exposing JMeter plugins via META-INF/services, and add JMeter-Skip-Class-Scanning=true manifest attribute so JMeter can skip classfile scanning
2026-06-16 17:07:37,529 INFO o.a.j.e.StandardJMeterEngine: Running the test!
2026-06-16 17:07:37,531 INFO o.a.j.s.SampleEvent: List of sample_variables: []
2026-06-16 17:07:37,532 INFO o.a.j.g.u.JMeterMenuBar: setRunning(true, *local*)
2026-06-16 17:07:37,578 INFO o.a.j.e.StandardJMeterEngine: Starting ThreadGroup: 1 : API Smoke Thread Group
2026-06-16 17:07:37,578 INFO o.a.j.e.StandardJMeterEngine: Starting 1 threads for group API Smoke Thread Group.
2026-06-16 17:07:37,578 INFO o.a.j.e.StandardJMeterEngine: Thread will continue on error
2026-06-16 17:07:37,578 INFO o.a.j.t.ThreadGroup: Starting thread group... number=1 threads=1 ramp-up=1 delayedStart=false
2026-06-16 17:07:37,579 INFO o.a.j.t.ThreadGroup: Started thread group number 1
2026-06-16 17:07:37,579 INFO o.a.j.e.StandardJMeterEngine: All thread groups have been started
2026-06-16 17:07:37,580 INFO o.a.j.t.JMeterThread: Thread started: API Smoke Thread Group 1-1
2026-06-16 17:07:37,703 INFO o.a.j.t.JMeterThread: Thread is done: API Smoke Thread Group 1-1
2026-06-16 17:07:37,703 INFO o.a.j.t.JMeterThread: Thread finished: API Smoke Thread Group 1-1
2026-06-16 17:07:37,704 INFO o.a.j.e.StandardJMeterEngine: Notifying test listeners of end of test
2026-06-16 17:07:37,704 INFO o.a.j.g.u.JMeterMenuBar: setRunning(false, *local*)
2026-06-16 17:07:48,338 INFO o.a.j.r.ClassFinder: Will scan jar /opt/homebrew/Cellar/jmeter/5.6.3/libexec/lib/ext/jmeter-plugins-manager-1.9.jar with filter ExtendsClassFilter [parents=[interface org.apache.jmeter.visualizers.ResultRenderer], inner=false, contains=null, notContains=null]. Consider exposing JMeter plugins via META-INF/services, and add JMeter-Skip-Class-Scanning=true manifest attribute so JMeter can skip classfile scanning
2026-06-16 17:07:48,357 INFO o.a.j.r.ClassFinder: Will scan jar /opt/homebrew/Cellar/jmeter/5.6.3/libexec/lib/ext/jmeter-plugins-manager-1.9.jar with filter ExtendsClassFilter [parents=[interface org.apache.jmeter.visualizers.RequestView], inner=false, contains=null, notContains=null]. Consider exposing JMeter plugins via META-INF/services, and add JMeter-Skip-Class-Scanning=true manifest attribute so JMeter can skip classfile scanning
2026-06-16 17:07:50,747 INFO o.a.j.e.StandardJMeterEngine: Running the test!
2026-06-16 17:07:50,748 INFO o.a.j.s.SampleEvent: List of sample_variables: []
2026-06-16 17:07:50,748 INFO o.a.j.g.u.JMeterMenuBar: setRunning(true, *local*)
2026-06-16 17:07:50,792 INFO o.a.j.e.StandardJMeterEngine: Starting ThreadGroup: 1 : API Smoke Thread Group
2026-06-16 17:07:50,792 INFO o.a.j.e.StandardJMeterEngine: Starting 1 threads for group API Smoke Thread Group.
2026-06-16 17:07:50,792 INFO o.a.j.e.StandardJMeterEngine: Thread will continue on error
2026-06-16 17:07:50,793 INFO o.a.j.t.ThreadGroup: Starting thread group... number=1 threads=1 ramp-up=1 delayedStart=false
2026-06-16 17:07:50,793 INFO o.a.j.t.ThreadGroup: Started thread group number 1
2026-06-16 17:07:50,793 INFO o.a.j.e.StandardJMeterEngine: All thread groups have been started
2026-06-16 17:07:50,794 INFO o.a.j.t.JMeterThread: Thread started: API Smoke Thread Group 1-1
2026-06-16 17:07:50,945 INFO o.a.j.t.JMeterThread: Thread is done: API Smoke Thread Group 1-1
2026-06-16 17:07:50,945 INFO o.a.j.t.JMeterThread: Thread finished: API Smoke Thread Group 1-1
2026-06-16 17:07:50,945 INFO o.a.j.e.StandardJMeterEngine: Notifying test listeners of end of test
2026-06-16 17:07:50,945 INFO o.a.j.g.u.JMeterMenuBar: setRunning(false, *local*)
2026-06-16 17:07:58,801 INFO o.a.j.r.ClassFinder: Will scan jar /opt/homebrew/Cellar/jmeter/5.6.3/libexec/lib/ext/jmeter-plugins-manager-1.9.jar with filter ExtendsClassFilter [parents=[interface org.apache.jmeter.visualizers.ResultRenderer], inner=false, contains=null, notContains=null]. Consider exposing JMeter plugins via META-INF/services, and add JMeter-Skip-Class-Scanning=true manifest attribute so JMeter can skip classfile scanning
2026-06-16 17:07:58,820 INFO o.a.j.r.ClassFinder: Will scan jar /opt/homebrew/Cellar/jmeter/5.6.3/libexec/lib/ext/jmeter-plugins-manager-1.9.jar with filter ExtendsClassFilter [parents=[interface org.apache.jmeter.visualizers.RequestView], inner=false, contains=null, notContains=null]. Consider exposing JMeter plugins via META-INF/services, and add JMeter-Skip-Class-Scanning=true manifest attribute so JMeter can skip classfile scanning
2026-06-16 17:08:01,537 INFO o.a.j.e.StandardJMeterEngine: Running the test!
2026-06-16 17:08:01,538 INFO o.a.j.s.SampleEvent: List of sample_variables: []
2026-06-16 17:08:01,539 INFO o.a.j.g.u.JMeterMenuBar: setRunning(true, *local*)
2026-06-16 17:08:01,580 INFO o.a.j.e.StandardJMeterEngine: Starting ThreadGroup: 1 : API Smoke Thread Group
2026-06-16 17:08:01,580 INFO o.a.j.e.StandardJMeterEngine: Starting 1 threads for group API Smoke Thread Group.
2026-06-16 17:08:01,580 INFO o.a.j.e.StandardJMeterEngine: Thread will continue on error
2026-06-16 17:08:01,580 INFO o.a.j.t.ThreadGroup: Starting thread group... number=1 threads=1 ramp-up=1 delayedStart=false
2026-06-16 17:08:01,581 INFO o.a.j.t.ThreadGroup: Started thread group number 1
2026-06-16 17:08:01,581 INFO o.a.j.e.StandardJMeterEngine: All thread groups have been started
2026-06-16 17:08:01,581 INFO o.a.j.t.JMeterThread: Thread started: API Smoke Thread Group 1-1
2026-06-16 17:08:01,719 INFO o.a.j.t.JMeterThread: Thread is done: API Smoke Thread Group 1-1
2026-06-16 17:08:01,719 INFO o.a.j.t.JMeterThread: Thread finished: API Smoke Thread Group 1-1
2026-06-16 17:08:01,720 INFO o.a.j.e.StandardJMeterEngine: Notifying test listeners of end of test
2026-06-16 17:08:01,720 INFO o.a.j.g.u.JMeterMenuBar: setRunning(false, *local*)
2026-06-16 17:08:07,408 INFO o.a.j.r.ClassFinder: Will scan jar /opt/homebrew/Cellar/jmeter/5.6.3/libexec/lib/ext/jmeter-plugins-manager-1.9.jar with filter ExtendsClassFilter [parents=[interface org.apache.jmeter.visualizers.ResultRenderer], inner=false, contains=null, notContains=null]. Consider exposing JMeter plugins via META-INF/services, and add JMeter-Skip-Class-Scanning=true manifest attribute so JMeter can skip classfile scanning
2026-06-16 17:08:07,423 INFO o.a.j.r.ClassFinder: Will scan jar /opt/homebrew/Cellar/jmeter/5.6.3/libexec/lib/ext/jmeter-plugins-manager-1.9.jar with filter ExtendsClassFilter [parents=[interface org.apache.jmeter.visualizers.RequestView], inner=false, contains=null, notContains=null]. Consider exposing JMeter plugins via META-INF/services, and add JMeter-Skip-Class-Scanning=true manifest attribute so JMeter can skip classfile scanning
2026-06-16 17:08:09,744 INFO o.a.j.e.StandardJMeterEngine: Running the test!
2026-06-16 17:08:09,745 INFO o.a.j.s.SampleEvent: List of sample_variables: []
2026-06-16 17:08:09,746 INFO o.a.j.g.u.JMeterMenuBar: setRunning(true, *local*)
2026-06-16 17:08:09,788 INFO o.a.j.e.StandardJMeterEngine: Starting ThreadGroup: 1 : API Smoke Thread Group
2026-06-16 17:08:09,788 INFO o.a.j.e.StandardJMeterEngine: Starting 1 threads for group API Smoke Thread Group.
2026-06-16 17:08:09,788 INFO o.a.j.e.StandardJMeterEngine: Thread will continue on error
2026-06-16 17:08:09,789 INFO o.a.j.t.ThreadGroup: Starting thread group... number=1 threads=1 ramp-up=1 delayedStart=false
2026-06-16 17:08:09,789 INFO o.a.j.t.ThreadGroup: Started thread group number 1
2026-06-16 17:08:09,789 INFO o.a.j.e.StandardJMeterEngine: All thread groups have been started
2026-06-16 17:08:09,789 INFO o.a.j.t.JMeterThread: Thread started: API Smoke Thread Group 1-1
2026-06-16 17:08:09,871 INFO o.a.j.t.JMeterThread: Thread is done: API Smoke Thread Group 1-1
2026-06-16 17:08:09,871 INFO o.a.j.t.JMeterThread: Thread finished: API Smoke Thread Group 1-1
2026-06-16 17:08:09,871 INFO o.a.j.e.StandardJMeterEngine: Notifying test listeners of end of test
2026-06-16 17:08:09,871 INFO o.a.j.g.u.JMeterMenuBar: setRunning(false, *local*)
